d:\informatique\projet_synthese\c++\c++\x64\debug\cercle.obj
d:\informatique\projet_synthese\c++\c++\x64\debug\chargementfichier.obj
d:\informatique\projet_synthese\c++\c++\x64\debug\dessinateurjava.obj
d:\informatique\projet_synthese\c++\c++\x64\debug\erreur.obj
d:\informatique\projet_synthese\c++\c++\x64\debug\forme.obj
d:\informatique\projet_synthese\c++\c++\x64\debug\formecomplexe.obj
d:\informatique\projet_synthese\c++\c++\x64\debug\formesimple.obj
d:\informatique\projet_synthese\c++\c++\x64\debug\homotetie.obj
d:\informatique\projet_synthese\c++\c++\x64\debug\main.obj
d:\informatique\projet_synthese\c++\c++\x64\debug\matrice2d.obj
d:\informatique\projet_synthese\c++\c++\x64\debug\parseurcercle.obj
d:\informatique\projet_synthese\c++\c++\x64\debug\parseurforme.obj
d:\informatique\projet_synthese\c++\c++\x64\debug\parseurformecomplexe.obj
d:\informatique\projet_synthese\c++\c++\x64\debug\parseurpolygone.obj
d:\informatique\projet_synthese\c++\c++\x64\debug\parseursegment.obj
d:\informatique\projet_synthese\c++\c++\x64\debug\parseurtriangle.obj
d:\informatique\projet_synthese\c++\c++\x64\debug\polygone.obj
d:\informatique\projet_synthese\c++\c++\x64\debug\rotation.obj
d:\informatique\projet_synthese\c++\c++\x64\debug\save.obj
d:\informatique\projet_synthese\c++\c++\x64\debug\savetxt.obj
d:\informatique\projet_synthese\c++\c++\x64\debug\segment.obj
d:\informatique\projet_synthese\c++\c++\x64\debug\socket.obj
d:\informatique\projet_synthese\c++\c++\x64\debug\transformation.obj
d:\informatique\projet_synthese\c++\c++\x64\debug\translation.obj
d:\informatique\projet_synthese\c++\c++\x64\debug\triangle.obj
d:\informatique\projet_synthese\c++\c++\x64\debug\vecteur2d.obj
d:\informatique\projet_synthese\c++\c++\x64\debug\vc141.idb
d:\informatique\projet_synthese\c++\c++\x64\debug\vc141.pdb
